<?xml version="1.0" encoding="UTF-8"?>
<!-- Generated by org.testng.reporters.JUnitXMLReporter -->
<testsuite hostname="SVRODK00095" name="Command line test" tests="18" failures="0" timestamp="27 Jul 2018 11:32:03 GMT" time="15.301" errors="0">
  <testcase name="noAuthentication" time="1.641" classname="test.api.BasicAuthenticationTest"/>
  <testcase name="runTests" time="1.955" classname="test.api.CreateUserTest"/>
  <testcase name="runTests" time="0.328" classname="test.api.CreateUserTest"/>
  <testcase name="runTests" time="0.359" classname="test.api.CreateUserTest"/>
  <testcase name="runTests" time="0.329" classname="test.api.CreateUserTest"/>
  <testcase name="runTests" time="0.374" classname="test.api.CreateUserTest"/>
  <testcase name="runTests" time="0.36" classname="test.api.CreateUserTest"/>
  <testcase name="runTests" time="0.359" classname="test.api.CreateUserTest"/>
  <testcase name="runTests" time="0.344" classname="test.api.CreateUserTest"/>
  <testcase name="runTests" time="0.423" classname="test.api.CreateUserTest"/>
  <testcase name="runTests" time="0.359" classname="test.api.CreateUserTest"/>
  <testcase name="runTests" time="0.547" classname="test.api.CreateUserTest"/>
  <testcase name="GetUsers" time="0.328" classname="test.api.GetUsersTest"/>
  <testcase name="GetTotal" time="4.861" classname="test.api.GetUsersTestNG"/>
  <testcase name="PostNew" time="0.312" classname="test.api.GetUsersTestNG"/>
  <testcase name="get" time="0.359" classname="test.api.GetUsersTestNG"/>
  <testcase name="getUsersRestAssured" time="0.365" classname="test.api.GetUsersTestNG"/>
  <testcase name="succesAuthentication" time="1.698" classname="test.api.SuccesfullAuthenticationTest"/>
</testsuite> <!-- Command line test -->
