<?xml version="1.0" encoding="UTF-8" ?>
<testsuite tests="18" failures="0" name="TestSuite" time="15.301" errors="0" skipped="0">
  <properties>
[...]
</properties>
  <testcase classname="test.api.BasicAuthenticationTest" name="noAuthentication" time="1.687"/>
  <testcase classname="test.api.CreateUserTest" name="runTests" time="1.925"/>
  <testcase classname="test.api.CreateUserTest" name="runTests" time="0.312"/>
  <testcase classname="test.api.CreateUserTest" name="runTests" time="0.359"/>
  <testcase classname="test.api.CreateUserTest" name="runTests" time="0.329"/>
  <testcase classname="test.api.CreateUserTest" name="runTests" time="0.374"/>
  <testcase classname="test.api.CreateUserTest" name="runTests" time="0.36"/>
  <testcase classname="test.api.CreateUserTest" name="runTests" time="0.359"/>
  <testcase classname="test.api.CreateUserTest" name="runTests" time="0.344"/>
  <testcase classname="test.api.CreateUserTest" name="runTests" time="0.423"/>
  <testcase classname="test.api.CreateUserTest" name="runTests" time="0.359"/>
  <testcase classname="test.api.CreateUserTest" name="runTests" time="0.547"/>
  <testcase classname="test.api.GetUsersTest" name="GetUsers" time="0.328"/>
  <testcase classname="test.api.GetUsersTestNG" name="GetTotal" time="4.861"/>
  <testcase classname="test.api.GetUsersTestNG" name="PostNew" time="0.312"/>
  <testcase classname="test.api.GetUsersTestNG" name="get" time="0.359"/>
  <testcase classname="test.api.GetUsersTestNG" name="getUsersRestAssured" time="0.365"/>
  <testcase classname="test.api.SuccesfullAuthenticationTest" name="succesAuthentication" time="1.698"/>
</testsuite>